0 info it worked if it ends with ok
1 verbose cli [ '/usr/local/bin/node', '/usr/local/bin/npm', 'init' ]
2 info using npm@1.4.28
3 info using node@v0.10.32
4 verbose node symlink /usr/local/bin/node
5 verbose config Skipping project config: /home/ankitgoel/.npmrc. (matches userconfig)
6 silly package data undefined
7 info init written successfully
8 error Error: Invalid name: "Movie Review System"
8 error     at ensureValidName (/home/ankitgoel/Downloads/node-v0.10.32-linux-x64/lib/node_modules/npm/node_modules/read-package-json/node_modules/normalize-package-data/lib/fixer.js:315:15)
8 error     at Object.module.exports.fixNameField (/home/ankitgoel/Downloads/node-v0.10.32-linux-x64/lib/node_modules/npm/node_modules/read-package-json/node_modules/normalize-package-data/lib/fixer.js:204:5)
8 error     at /home/ankitgoel/Downloads/node-v0.10.32-linux-x64/lib/node_modules/npm/node_modules/read-package-json/node_modules/normalize-package-data/lib/normalize.js:30:38
8 error     at Array.forEach (native)
8 error     at normalize (/home/ankitgoel/Downloads/node-v0.10.32-linux-x64/lib/node_modules/npm/node_modules/read-package-json/node_modules/normalize-package-data/lib/normalize.js:29:15)
8 error     at final (/home/ankitgoel/Downloads/node-v0.10.32-linux-x64/lib/node_modules/npm/node_modules/read-package-json/read-json.js:342:33)
8 error     at then (/home/ankitgoel/Downloads/node-v0.10.32-linux-x64/lib/node_modules/npm/node_modules/read-package-json/read-json.js:126:33)
8 error     at /home/ankitgoel/Downloads/node-v0.10.32-linux-x64/lib/node_modules/npm/node_modules/read-package-json/read-json.js:328:57
8 error     at evalmachine.<anonymous>:207:20
8 error     at OpenReq.Req.done (/home/ankitgoel/Downloads/node-v0.10.32-linux-x64/lib/node_modules/npm/node_modules/graceful-fs/graceful-fs.js:141:5)
9 error If you need help, you may report this *entire* log,
9 error including the npm and node versions, at:
9 error     <http://github.com/npm/npm/issues>
10 error System Linux 3.13.0-54-generic
11 error command "/usr/local/bin/node" "/usr/local/bin/npm" "init"
12 error cwd /home/ankitgoel/Desktop/moviewreview/movieReview
13 error node -v v0.10.32
14 error npm -v 1.4.28
15 verbose exit [ 1, true ]
